<?xml version="1.0" encoding="UTF-8"?>
<!-- Generated by org.testng.reporters.JUnitReportReporter -->
<testsuite hostname="AISWARYA" failures="0" tests="1" name="testngpkg.Doubleandright" time="0.476" errors="0" timestamp="2024-11-05T21:54:00 IST" skipped="0">
  <testcase classname="testngpkg.Doubleandright" name="test" time="0.476"/>
  <system-out/>
</testsuite> <!-- testngpkg.Doubleandright -->
