<?xml version="1.0" encoding="UTF-8"?>
<!-- Generated by org.testng.reporters.JUnitReportReporter -->
<testsuite hostname="AISWARYA" failures="0" tests="3" name="testngpkg.Crossbrowsertesting" time="8.145" errors="0" timestamp="2024-10-22T15:32:30 IST" skipped="0">
  <testcase classname="testngpkg.Crossbrowsertesting" name="test" time="2.000"/>
  <system-out/>
  <testcase classname="testngpkg.Crossbrowsertesting" name="test" time="2.473"/>
  <system-out/>
  <testcase classname="testngpkg.Crossbrowsertesting" name="test" time="3.672"/>
  <system-out/>
</testsuite> <!-- testngpkg.Crossbrowsertesting -->
