<?xml version="1.0" encoding="UTF-8"?>
<!-- Generated by org.testng.reporters.JUnitReportReporter -->
<testsuite hostname="AISWARYA" failures="0" tests="1" name="testngpkg.Ebay" time="0.404" errors="0" timestamp="2024-11-04T20:56:51 IST" skipped="0">
  <testcase classname="testngpkg.Ebay" name="test" time="0.404"/>
  <system-out/>
</testsuite> <!-- testngpkg.Ebay -->
