<?xml version="1.0" encoding="UTF-8"?>
<!-- Generated by org.testng.reporters.JUnitReportReporter -->
<testsuite hostname="AISWARYA" failures="0" tests="1" name="testngpkg.Fbloginpara" time="0.159" errors="0" timestamp="2024-10-22T14:39:44 IST" skipped="0">
  <testcase classname="testngpkg.Fbloginpara" name="test" time="0.159"/>
  <system-out/>
</testsuite> <!-- testngpkg.Fbloginpara -->
