<?xml version="1.0" encoding="UTF-8"?>
<!-- Generated by org.testng.reporters.JUnitReportReporter -->
<testsuite hostname="AISWARYA" failures="0" tests="1" name="testngpkg.DragondDrop" time="1.342" errors="0" timestamp="2024-11-05T23:10:21 IST" skipped="0">
  <testcase classname="testngpkg.DragondDrop" name="testDragAndDrop" time="1.342"/>
  <system-out/>
</testsuite> <!-- testngpkg.DragondDrop -->
