<?xml version="1.0" encoding="UTF-8"?>
<!-- Generated by org.testng.reporters.JUnitReportReporter -->
<testsuite hostname="AISWARYA" failures="0" tests="6" name="testngpkg.TestngDemo" time="0.030" errors="0" timestamp="2024-10-22T13:29:37 IST" skipped="0">
  <testcase classname="testngpkg.TestngDemo" name="test3" time="0.013"/>
  <system-out/>
  <testcase classname="testngpkg.TestngDemo" name="test1" time="0.002"/>
  <system-out/>
  <testcase classname="testngpkg.TestngDemo" name="test4" time="0.001"/>
  <system-out/>
  <testcase classname="testngpkg.TestngDemo" name="test2" time="0.002"/>
  <system-out/>
  <testcase classname="testngpkg.TestngDemo" name="test2" time="0.000"/>
  <system-out/>
  <testcase classname="testngpkg.TestngDemo" name="test2" time="0.012"/>
  <system-out/>
</testsuite> <!-- testngpkg.TestngDemo -->
