<?xml version="1.0" encoding="UTF-8"?>
<!-- Generated by org.testng.reporters.JUnitReportReporter -->
<testsuite hostname="AISWARYA" failures="0" tests="1" name="testngpkg.Windowhandler" time="3.717" errors="0" timestamp="2024-11-06T14:13:14 IST" skipped="0">
  <testcase classname="testngpkg.Windowhandler" name="test" time="3.717"/>
  <system-out/>
</testsuite> <!-- testngpkg.Windowhandler -->
