<?xml version="1.0" encoding="UTF-8"?>
<!-- Generated by org.testng.reporters.JUnitReportReporter -->
<testsuite hostname="AISWARYA" failures="0" tests="1" name="testngpkg.Parameteraisation" time="0.015" errors="0" timestamp="2024-10-22T14:12:08 IST" skipped="0">
  <testcase classname="testngpkg.Parameteraisation" name="test" time="0.015"/>
  <system-out/>
</testsuite> <!-- testngpkg.Parameteraisation -->
