<?xml version="1.0" encoding="UTF-8"?>
<!-- Generated by org.testng.reporters.JUnitReportReporter -->
<testsuite hostname="AISWARYA" failures="0" tests="1" name="testngpkg.Loginvalidation" time="4.244" errors="0" timestamp="2024-11-10T16:03:57 IST" skipped="0">
  <testcase classname="testngpkg.Loginvalidation" name="main" time="4.244"/>
  <system-out/>
</testsuite> <!-- testngpkg.Loginvalidation -->
